<?xml version="1.0" encoding="UTF-8"?>
<testsuite name="net.framework.api.rest.util.ObjectInspectorTest" tests="8" skipped="0" failures="0" errors="0" timestamp="2020-02-02T02:03:00" hostname="mac0087" time="0.255">
  <properties/>
  <testcase name="test001()" classname="net.framework.api.rest.util.ObjectInspectorTest" time="0.02"/>
  <testcase name="test002()" classname="net.framework.api.rest.util.ObjectInspectorTest" time="0.009"/>
  <testcase name="test003()" classname="net.framework.api.rest.util.ObjectInspectorTest" time="0.001"/>
  <testcase name="test004()" classname="net.framework.api.rest.util.ObjectInspectorTest" time="0.001"/>
  <testcase name="test005()" classname="net.framework.api.rest.util.ObjectInspectorTest" time="0.214"/>
  <testcase name="test006()" classname="net.framework.api.rest.util.ObjectInspectorTest" time="0.004"/>
  <testcase name="test007()" classname="net.framework.api.rest.util.ObjectInspectorTest" time="0.002"/>
  <testcase name="test008()" classname="net.framework.api.rest.util.ObjectInspectorTest" time="0.002"/>
  <system-out><![CDATA[{"codes":["customer id is null or blank","id is null or blank","name is null"],"id":null}
{"codes":["digits of id is not 10"],"id":null}
{"codes":["digits of id is null"],"id":null}
{"codes":["digits of id is null"],"id":null}
]]></system-out>
  <system-err><![CDATA[]]></system-err>
</testsuite>
